<?xml version="1.0" encoding="UTF-8"?>
<!-- Generated by org.testng.reporters.JUnitReportReporter -->
<testsuite hostname="GEAP-517206M-LX" name="Sprint19.BookingCapacityTest" tests="1" failures="0" timestamp="17 Oct 2017 09:40:12 GMT" time="130.186" errors="0">
  <testcase name="TestScenarios" time="130.186" classname="Sprint19.BookingCapacityTest"/>
</testsuite> <!-- Sprint19.BookingCapacityTest -->
