<?xml version="1.0" encoding="UTF-8"?>
<!-- Generated by org.testng.reporters.JUnitReportReporter -->
<testsuite hostname="AOPS-4510MC6-LX" name="scenarios.PDSWindowTest" tests="1" failures="0" timestamp="8 May 2017 04:47:59 GMT" time="83.121" errors="0">
  <testcase name="TestScenarios" time="83.121" classname="scenarios.PDSWindowTest"/>
</testsuite> <!-- scenarios.PDSWindowTest -->
