<?xml version="1.0" encoding="UTF-8"?>
<!-- Generated by org.testng.reporters.JUnitReportReporter -->
<testsuite hostname="TCOE-5414RYW-LX" name="FinalExam" tests="1" failures="0" timestamp="18 Jul 2016 09:42:28 GMT" time="8.442" errors="0">
  <testcase name="testScenario" time="8.442" classname="FinalExam"/>
</testsuite> <!-- FinalExam -->
