<?xml version="1.0" encoding="UTF-8"?>
<!-- Generated by org.testng.reporters.JUnitReportReporter -->
<testsuite hostname="AOPS-4510MC6-LX" name="scenarios.HomePageTest" tests="1" failures="0" timestamp="28 Jul 2017 03:31:30 GMT" time="458.642" errors="0">
  <testcase name="TestScenarios" time="458.642" classname="scenarios.HomePageTest"/>
</testsuite> <!-- scenarios.HomePageTest -->
