<?xml version="1.0" encoding="UTF-8"?>
<!-- Generated by org.testng.reporters.JUnitReportReporter -->
<testsuite hostname="AOPS-4510MC6-LX" name="scenarios.SolutionsPageTest" tests="1" failures="0" timestamp="14 Jul 2017 02:31:50 GMT" time="161.173" errors="0">
  <testcase name="TestScenarios" time="161.173" classname="scenarios.SolutionsPageTest"/>
</testsuite> <!-- scenarios.SolutionsPageTest -->
