<?xml version="1.0" encoding="UTF-8"?>
<!-- Generated by org.testng.reporters.JUnitReportReporter -->
<testsuite hostname="AOPS-5484NGQ-LX" name="Sprint20.FR64_NotRebookedPNR" tests="1" failures="0" timestamp="4 Oct 2017 02:27:28 GMT" time="124.432" errors="0">
  <testcase name="TestScenarios" time="124.432" classname="Sprint20.FR64_NotRebookedPNR"/>
</testsuite> <!-- Sprint20.FR64_NotRebookedPNR -->
