<?xml version="1.0" encoding="UTF-8"?>
<!-- Generated by org.testng.reporters.JUnitReportReporter -->
<testsuite hostname="AOPS-4510MC6-LX" name="scenarios.ConfigPageTest" tests="1" failures="0" timestamp="4 Sep 2017 03:49:51 GMT" time="39.366" errors="0">
  <testcase name="TestScenarios" time="39.366" classname="scenarios.ConfigPageTest"/>
</testsuite> <!-- scenarios.ConfigPageTest -->
