<?xml version="1.0" encoding="UTF-8"?>
<!-- Generated by org.testng.reporters.JUnitReportReporter -->
<testsuite hostname="AOPS-5484NGQ-LX" name="Sprint20.US124960_PaxRebookingLabelIcon" tests="1" failures="0" timestamp="3 Oct 2017 09:49:02 GMT" time="92.700" errors="0">
  <testcase name="TestScenarios" time="92.700" classname="Sprint20.US124960_PaxRebookingLabelIcon"/>
</testsuite> <!-- Sprint20.US124960_PaxRebookingLabelIcon -->
