<?xml version="1.0" encoding="UTF-8"?>
<!-- Generated by org.testng.reporters.JUnitReportReporter -->
<testsuite hostname="GEAP-517206M-LX" name="Sprint25.US137581_GridView" tests="1" failures="0" timestamp="15 Dec 2017 09:14:42 GMT" time="117.775" errors="0">
  <testcase name="TestScenarios" time="117.775" classname="Sprint25.US137581_GridView"/>
</testsuite> <!-- Sprint25.US137581_GridView -->
