<?xml version="1.0" encoding="UTF-8"?>
<!-- Generated by org.testng.reporters.JUnitReportReporter -->
<testsuite hostname="TCOE-5414RYW-LX" name="scenarios.FinalExam" tests="1" failures="0" timestamp="4 Aug 2016 07:44:27 GMT" time="363.814" errors="0">
  <testcase name="testScenario" time="363.814" classname="scenarios.FinalExam"/>
</testsuite> <!-- scenarios.FinalExam -->
