<?xml version="1.0" encoding="UTF-8"?>
<!-- Generated by org.testng.reporters.JUnitReportReporter -->
<testsuite hostname="AOPS-5484NGQ-LX" name="Sprint19.BookingCapacityTest" tests="1" failures="0" timestamp="3 Oct 2017 09:41:42 GMT" time="266.935" errors="0">
  <testcase name="TestScenarios" time="266.935" classname="Sprint19.BookingCapacityTest"/>
</testsuite> <!-- Sprint19.BookingCapacityTest -->
