<?xml version="1.0" encoding="UTF-8"?>
<!-- Generated by org.testng.reporters.JUnitReportReporter -->
<testsuite hostname="GEAP-517206M-LX" name="scenarios.HomePageTest" tests="1" failures="0" timestamp="13 Sep 2017 08:36:57 GMT" time="148.108" errors="0">
  <testcase name="TestScenarios" time="148.108" classname="scenarios.HomePageTest"/>
</testsuite> <!-- scenarios.HomePageTest -->
