<?xml version="1.0" encoding="UTF-8"?>
<!-- Generated by org.testng.reporters.JUnitReportReporter -->
<testsuite hostname="GEAP-517206M-LX" name="scenarios.SolutionsPageTest" tests="1" failures="0" timestamp="13 Sep 2017 08:36:57 GMT" time="325.403" errors="0">
  <testcase name="TestScenarios" time="325.403" classname="scenarios.SolutionsPageTest"/>
</testsuite> <!-- scenarios.SolutionsPageTest -->
