<?xml version="1.0" encoding="UTF-8"?>
<!-- Generated by org.testng.reporters.JUnitReportReporter -->
<testsuite hostname="GEAP-517206M-LX" name="scenarios.Sprint19.BookingCapacityTest" tests="1" failures="0" timestamp="28 Sep 2017 09:10:27 GMT" time="134.035" errors="0">
  <testcase name="TestScenarios" time="134.035" classname="scenarios.Sprint19.BookingCapacityTest"/>
</testsuite> <!-- scenarios.Sprint19.BookingCapacityTest -->
